<?xml version="1.0" encoding="UTF-8"?>
<testsuite xmlns:xsi="http://www.w3.org/2001/XMLSchema-instance" xsi:noNamespaceSchemaLocation="https://maven.apache.org/surefire/maven-surefire-plugin/xsd/surefire-test-report.xsd" version="3.0.2" name="com.sprints.UniversityRoomBookingSystem.integration.BookingRepositoryIntegrationTest" time="0.333" tests="2" errors="0" skipped="0" failures="0">
  <properties>
[...]
</properties>
  <testcase name="testFindByUserId" classname="com.sprints.UniversityRoomBookingSystem.integration.BookingRepositoryIntegrationTest" time="0.021">
    <system-out><![CDATA[2025-08-24T14:15:02.610+03:00  INFO 3000 --- [UniversityRoomBookingSystem] [           main] t.c.s.AnnotationConfigContextLoaderUtils : Could not detect default configuration classes for test class [com.sprints.UniversityRoomBookingSystem.integration.BookingRepositoryIntegrationTest]: BookingRepositoryIntegrationTest does not declare any static, non-private, non-final, nested classes annotated with @Configuration.
2025-08-24T14:15:02.617+03:00  INFO 3000 --- [UniversityRoomBookingSystem] [           main] .b.t.c.SpringBootTestContextBootstrapper : Found @SpringBootConfiguration com.sprints.UniversityRoomBookingSystem.UniversityRoomBookingSystemApplication for test class com.sprints.UniversityRoomBookingSystem.integration.BookingRepositoryIntegrationTest

  .   ____          _            __ _ _
 /\\ / ___'_ __ _ _(_)_ __  __ _ \ \ \ \
( ( )\___ | '_ | '_| | '_ \/ _` | \ \ \ \
 \\/  ___)| |_)| | | | | || (_| |  ) ) ) )
  '  |____| .__|_| |_|_| |_\__, | / / / /
 =========|_|==============|___/=/_/_/_/

 :: Spring Boot ::                (v3.4.8)

2025-08-24T14:15:02.634+03:00  INFO 3000 --- [UniversityRoomBookingSystem] [           main] c.s.U.i.BookingRepositoryIntegrationTest : Starting BookingRepositoryIntegrationTest using Java 17.0.15 with PID 3000 (started by mohamed in M:\FCAI\bank masr\projects\University-Room-Booking-System)
2025-08-24T14:15:02.634+03:00  INFO 3000 --- [UniversityRoomBookingSystem] [           main] c.s.U.i.BookingRepositoryIntegrationTest : The following 1 profile is active: "test"
2025-08-24T14:15:02.683+03:00  INFO 3000 --- [UniversityRoomBookingSystem] [           main] .s.d.r.c.RepositoryConfigurationDelegate : Bootstrapping Spring Data JPA repositories in DEFAULT mode.
2025-08-24T14:15:02.699+03:00  INFO 3000 --- [UniversityRoomBookingSystem] [           main] .s.d.r.c.RepositoryConfigurationDelegate : Finished Spring Data repository scanning in 15 ms. Found 9 JPA repository interfaces.
2025-08-24T14:15:02.728+03:00  INFO 3000 --- [UniversityRoomBookingSystem] [           main] o.hibernate.jpa.internal.util.LogHelper  : HHH000204: Processing PersistenceUnitInfo [name: default]
2025-08-24T14:15:02.729+03:00  INFO 3000 --- [UniversityRoomBookingSystem] [           main] o.h.c.internal.RegionFactoryInitiator    : HHH000026: Second-level cache disabled
2025-08-24T14:15:02.737+03:00  INFO 3000 --- [UniversityRoomBookingSystem] [           main] o.s.o.j.p.SpringPersistenceUnitInfo      : No LoadTimeWeaver setup: ignoring JPA class transformer
2025-08-24T14:15:02.737+03:00  INFO 3000 --- [UniversityRoomBookingSystem] [           main] com.zaxxer.hikari.HikariDataSource       : HikariPool-3 - Starting...
2025-08-24T14:15:02.739+03:00  INFO 3000 --- [UniversityRoomBookingSystem] [           main] com.zaxxer.hikari.pool.HikariPool        : HikariPool-3 - Added connection conn18: url=jdbc:h2:mem:testdb user=SA
2025-08-24T14:15:02.739+03:00  INFO 3000 --- [UniversityRoomBookingSystem] [           main] com.zaxxer.hikari.HikariDataSource       : HikariPool-3 - Start completed.
2025-08-24T14:15:02.740+03:00  WARN 3000 --- [UniversityRoomBookingSystem] [           main] org.hibernate.orm.deprecation            : HHH90000025: H2Dialect does not need to be specified explicitly using 'hibernate.dialect' (remove the property setting and it will be selected by default)
2025-08-24T14:15:02.740+03:00  INFO 3000 --- [UniversityRoomBookingSystem] [           main] org.hibernate.orm.connections.pooling    : HHH10001005: Database info:
	Database JDBC URL [Connecting through datasource 'HikariDataSource (HikariPool-3)']
	Database driver: undefined/unknown
	Database version: 2.3.232
	Autocommit mode: undefined/unknown
	Isolation level: undefined/unknown
	Minimum pool size: undefined/unknown
	Maximum pool size: undefined/unknown
2025-08-24T14:15:02.793+03:00  INFO 3000 --- [UniversityRoomBookingSystem] [           main] o.h.e.t.j.p.i.JtaPlatformInitiator       : HHH000489: No JTA platform available (set 'hibernate.transaction.jta.platform' to enable JTA platform integration)
Hibernate: drop table if exists booking cascade 
Hibernate: drop table if exists booking_history cascade 
Hibernate: drop table if exists buildings cascade 
Hibernate: drop table if exists departments cascade 
Hibernate: drop table if exists holidays cascade 
Hibernate: drop table if exists roles cascade 
Hibernate: drop table if exists room_features cascade 
Hibernate: drop table if exists room_feature cascade 
Hibernate: drop table if exists rooms cascade 
Hibernate: drop table if exists users cascade 
Hibernate: create table booking (booking_id bigint generated by default as identity, end_time timestamp(6), room_id bigint, start_time timestamp(6), user_id bigint, purpose varchar(255), status enum ('APPROVED','CANCELLED','PENDING','REJECTED'), primary key (booking_id))
Hibernate: create table booking_history (action tinyint not null check (action between 0 and 4), booking_id bigint not null, changed_at timestamp(6) with time zone not null, changed_by bigint, history_id bigint generated by default as identity, reason varchar(1000), new_status enum ('APPROVED','CANCELLED','PENDING','REJECTED'), previous_status enum ('APPROVED','CANCELLED','PENDING','REJECTED'), primary key (history_id))
Hibernate: create table buildings (building_id bigint generated by default as identity, building_name varchar(255), location varchar(255), primary key (building_id))
Hibernate: create table departments (depart_id bigint generated by default as identity, name varchar(255), primary key (depart_id))
Hibernate: create table holidays (end_date timestamp(6), holiday_id bigint generated by default as identity, start_date timestamp(6), description varchar(255), primary key (holiday_id))
Hibernate: create table roles (role_id bigint generated by default as identity, name varchar(50) not null, primary key (role_id), unique (name))
Hibernate: create table room_features (feature_id bigint not null, room_id bigint not null)
Hibernate: create table room_feature (feature_id bigint generated by default as identity, feature_description varchar(255), feature_name varchar(255), primary key (feature_id))
Hibernate: create table rooms (capacity integer, building_id bigint, room_id bigint generated by default as identity, name varchar(255), primary key (room_id))
Hibernate: create table users (department_id bigint, role_id bigint, user_id bigint generated by default as identity, email varchar(255) not null unique, password varchar(255) not null, username varchar(255) not null, primary key (user_id))
Hibernate: alter table if exists booking add constraint FKb6jhn9s6v53eb2cd9l7uhcd0m foreign key (room_id) references rooms
Hibernate: alter table if exists booking add constraint FK7udbel7q86k041591kj6lfmvw foreign key (user_id) references users
Hibernate: alter table if exists booking_history add constraint FKi9eldn22i45n1jhlgjw3f1suq foreign key (booking_id) references booking
Hibernate: alter table if exists booking_history add constraint FKoebol1oh0bynlptuhq90le8pm foreign key (changed_by) references users
Hibernate: alter table if exists room_features add constraint FK5gj1vafc8lvh7eh2x7rs6sfn8 foreign key (room_id) references rooms
Hibernate: alter table if exists room_features add constraint FK10i05jrl9vsopwfm5coycex3o foreign key (feature_id) references room_feature
Hibernate: alter table if exists rooms add constraint FKojgn0sxhkfxd7pmmojnem9r4q foreign key (building_id) references buildings
Hibernate: alter table if exists users add constraint FKsbg59w8q63i0oo53rlgvlcnjq foreign key (department_id) references departments
Hibernate: alter table if exists users add constraint FKp56c1712k691lhsyewcssf40f foreign key (role_id) references roles
2025-08-24T14:15:02.806+03:00  INFO 3000 --- [UniversityRoomBookingSystem] [           main] j.LocalContainerEntityManagerFactoryBean : Initialized JPA EntityManagerFactory for persistence unit 'default'
2025-08-24T14:15:02.903+03:00  INFO 3000 --- [UniversityRoomBookingSystem] [           main] c.s.U.i.BookingRepositoryIntegrationTest : Started BookingRepositoryIntegrationTest in 0.283 seconds (process running for 6.948)
Hibernate: insert into rooms (building_id,capacity,name,room_id) values (?,?,?,default)
Hibernate: insert into users (department_id,email,password,role_id,username,user_id) values (?,?,?,?,?,default)
Hibernate: insert into booking (end_time,purpose,room_id,start_time,status,user_id,booking_id) values (?,?,?,?,?,?,default)
Hibernate: select b1_0.booking_id,b1_0.end_time,b1_0.purpose,b1_0.room_id,b1_0.start_time,b1_0.status,b1_0.user_id from booking b1_0 left join users u1_0 on u1_0.user_id=b1_0.user_id where u1_0.user_id=?
]]></system-out>
  </testcase>
  <testcase name="testFindOverlappingBookings" classname="com.sprints.UniversityRoomBookingSystem.integration.BookingRepositoryIntegrationTest" time="0.014">
    <system-out><![CDATA[Hibernate: insert into rooms (building_id,capacity,name,room_id) values (?,?,?,default)
Hibernate: insert into users (department_id,email,password,role_id,username,user_id) values (?,?,?,?,?,default)
Hibernate: insert into booking (end_time,purpose,room_id,start_time,status,user_id,booking_id) values (?,?,?,?,?,?,default)
Hibernate: select b1_0.booking_id,b1_0.end_time,b1_0.purpose,b1_0.room_id,b1_0.start_time,b1_0.status,b1_0.user_id from booking b1_0 where b1_0.room_id=? and b1_0.status in ('PENDING','APPROVED') and ((b1_0.start_time<?) and (b1_0.end_time>?))
]]></system-out>
  </testcase>
</testsuite>